usage: main_ae.py [-h] [--model MODEL] [--num_layer NUM_LAYER]
                  [--repeat REPEAT] [--num_epoch NUM_EPOCH]
                  [--dataset DATASET] [--data_dir DATA_DIR] [--gpu GPU]
                  [--running_id RUNNING_ID] [--log_dir LOG_DIR]
                  [--hidden HIDDEN] [--moment MOMENT] [--seed SEED]
                  [--gnn_seed GNN_SEED] [--auto_fixed_seed]
                  [--use_center_moment] [--lr LR] [--wd WD] [--graph_learn]
                  [--lr_gl LR_GL] [--wd_gl WD_GL]
                  [--thres_min_deg THRES_MIN_DEG]
                  [--thres_min_deg_ratio THRES_MIN_DEG_RATIO]
                  [--save_dir_gl SAVE_DIR_GL] [--window WINDOW]
                  [--shuffle SHUFFLE] [--epoch_train_gl EPOCH_TRAIN_GL]
                  [--epoch_finetune_gl EPOCH_FINETUNE_GL] [--seed_gl SEED_GL]
                  [--k K] [--cat_self CAT_SELF] [--drop_last DROP_LAST]
                  [--prunning PRUNNING] [--epsilon EPSILON]
                  [--thres_prunning THRES_PRUNNING] [--use_cpu_cache]
                  [--drop_edge] [--prob_drop_edge PROB_DROP_EDGE]
main_ae.py: error: unrecognized arguments: --rewiring_type attention
2.6.1
cannot load google_drive_downloader, install it if needed.
